mode: set
github.com/jormin/go-study/container/nonerepeating/nonerepeating.go:5.48,9.31 4 1
github.com/jormin/go-study/container/nonerepeating/nonerepeating.go:21.2,21.18 1 1
github.com/jormin/go-study/container/nonerepeating/nonerepeating.go:9.31,10.58 1 1
github.com/jormin/go-study/container/nonerepeating/nonerepeating.go:13.3,13.28 1 1
github.com/jormin/go-study/container/nonerepeating/nonerepeating.go:16.3,16.23 1 1
github.com/jormin/go-study/container/nonerepeating/nonerepeating.go:10.58,12.4 1 1
github.com/jormin/go-study/container/nonerepeating/nonerepeating.go:13.28,15.4 1 1
github.com/jormin/go-study/container/nonerepeating/nonerepeating.go:24.13,32.2 7 0
