mode: set
go-study/errorhandling/filelistingserve/web.go:13.80,14.54 1 1
go-study/errorhandling/filelistingserve/web.go:14.54,15.16 1 1
go-study/errorhandling/filelistingserve/web.go:22.3,23.17 2 1
go-study/errorhandling/filelistingserve/web.go:15.16,17.16 2 1
go-study/errorhandling/filelistingserve/web.go:17.16,20.5 2 1
go-study/errorhandling/filelistingserve/web.go:23.17,25.42 2 1
go-study/errorhandling/filelistingserve/web.go:29.4,30.11 2 1
go-study/errorhandling/filelistingserve/web.go:38.4,38.46 1 1
go-study/errorhandling/filelistingserve/web.go:25.42,28.5 2 1
go-study/errorhandling/filelistingserve/web.go:31.28,32.31 1 1
go-study/errorhandling/filelistingserve/web.go:33.30,34.32 1 1
go-study/errorhandling/filelistingserve/web.go:35.12,36.42 1 1
go-study/errorhandling/filelistingserve/web.go:48.13,51.16 3 0
go-study/errorhandling/filelistingserve/web.go:51.16,52.13 1 0
